[2022-02-14 11:47:45,565] {taskinstance.py:670} INFO - Dependencies all met for <TaskInstance: example_python_operator.print_the_context 2022-02-14T14:43:33.267772+00:00 [queued]>
[2022-02-14 11:47:45,572] {taskinstance.py:670} INFO - Dependencies all met for <TaskInstance: example_python_operator.print_the_context 2022-02-14T14:43:33.267772+00:00 [queued]>
[2022-02-14 11:47:45,572] {taskinstance.py:880} INFO - 
--------------------------------------------------------------------------------
[2022-02-14 11:47:45,572] {taskinstance.py:881} INFO - Starting attempt 2 of 2
[2022-02-14 11:47:45,572] {taskinstance.py:882} INFO - 
--------------------------------------------------------------------------------
[2022-02-14 11:47:45,578] {taskinstance.py:901} INFO - Executing <Task(PythonOperator): print_the_context> on 2022-02-14T14:43:33.267772+00:00
[2022-02-14 11:47:45,580] {standard_task_runner.py:54} INFO - Started process 12851 to run task
[2022-02-14 11:47:45,630] {standard_task_runner.py:77} INFO - Running: ['airflow', 'run', 'example_python_operator', 'print_the_context', '2022-02-14T14:43:33.267772+00:00', '--job_id', '8', '--pool', 'default_pool', '--raw', '-sd', '/home/alexis/Documentos/datapipeline/.env/lib/python3.8/site-packages/airflow/example_dags/example_python_operator.py', '--cfg_path', '/tmp/tmp7hubxsl6']
[2022-02-14 11:47:45,630] {standard_task_runner.py:78} INFO - Job 8: Subtask print_the_context
[2022-02-14 11:47:45,647] {logging_mixin.py:112} INFO - Running <TaskInstance: example_python_operator.print_the_context 2022-02-14T14:43:33.267772+00:00 [running]> on host alexis.toigo
[2022-02-14 11:47:45,665] {logging_mixin.py:112} INFO - {'END_DATE': '2022-02-14',
 'conf': <airflow.configuration.AirflowConfigParser object at 0x7f11f46e4580>,
 'dag': <DAG: example_python_operator>,
 'dag_run': <DagRun example_python_operator @ 2022-02-14 14:43:33.267772+00:00: manual__2022-02-14T14:43:33.267772+00:00, externally triggered: True>,
 'ds_nodash': '20220214',
 'end_date': '2022-02-14',
 'execution_date': <Pendulum [2022-02-14T14:43:33.267772+00:00]>,
 'inlets': [],
 'latest_date': '2022-02-14',
 'macros': <module 'airflow.macros' from '/home/alexis/Documentos/datapipeline/.env/lib/python3.8/site-packages/airflow/macros/__init__.py'>,
 'next_ds': '2022-02-14',
 'next_ds_nodash': '20220214',
 'next_execution_date': <Pendulum [2022-02-14T14:43:33.267772+00:00]>,
 'outlets': [],
 'params': {},
 'prev_ds': '2022-02-14',
 'prev_ds_nodash': '20220214',
 'prev_execution_date': <Pendulum [2022-02-14T14:43:33.267772+00:00]>,
 'prev_execution_date_success': <Proxy at 0x7f11e56eb600 with factory <function TaskInstance.get_template_context.<locals>.<lambda> at 0x7f11e56ceee0>>,
 'prev_start_date_success': <Proxy at 0x7f11e56ebd80 with factory <function TaskInstance.get_template_context.<locals>.<lambda> at 0x7f11e56f30d0>>,
 'run_id': 'manual__2022-02-14T14:43:33.267772+00:00',
 'tables': None,
 'task': <Task(PythonOperator): print_the_context>,
 'task_instance': <TaskInstance: example_python_operator.print_the_context 2022-02-14T14:43:33.267772+00:00 [running]>,
 'task_instance_key_str': 'example_python_operator__print_the_context__20220214',
 'templates_dict': None,
 'test_mode': False,
 'ti': <TaskInstance: example_python_operator.print_the_context 2022-02-14T14:43:33.267772+00:00 [running]>,
 'tomorrow_ds': '2022-02-15',
 'tomorrow_ds_nodash': '20220215',
 'ts': '2022-02-14T14:43:33.267772+00:00',
 'ts_nodash': '20220214T144333',
 'ts_nodash_with_tz': '20220214T144333.267772+0000',
 'var': {'json': None, 'value': None},
 'yesterday_ds': '2022-02-13',
 'yesterday_ds_nodash': '20220213'}
[2022-02-14 11:47:45,665] {logging_mixin.py:112} INFO - 2022-02-14
[2022-02-14 11:47:45,666] {python_operator.py:114} INFO - Done. Returned value was: Whatever you return gets printed in the logs
[2022-02-14 11:47:45,673] {taskinstance.py:1057} INFO - Marking task as SUCCESS.dag_id=example_python_operator, task_id=print_the_context, execution_date=20220214T144333, start_date=20220214T144745, end_date=20220214T144745
[2022-02-14 11:47:50,579] {local_task_job.py:102} INFO - Task exited with return code 0
